2023-04-24 15:43:37,841 INFO o.h.v.i.u.Version [background-preinit] HV000001: Hibernate Validator 8.0.0.Final
2023-04-24 15:43:38,145 INFO r.t.e.j.s.ScrapperApplication [restartedMain] Starting ScrapperApplication using Java 17.0.2 with PID 10168 (D:\BackendDev Tinkoff\TinkoffRep\TinkoffProject\scrapper\target\classes started by Роман in D:\BackendDev Tinkoff\TinkoffRep\TinkoffProject)
2023-04-24 15:43:38,149 INFO r.t.e.j.s.ScrapperApplication [restartedMain] No active profile set, falling back to 1 default profile: "default"
2023-04-24 15:43:38,555 INFO o.s.b.d.e.DevToolsPropertyDefaultsPostProcessor [restartedMain] Devtools property defaults active! Set 'spring.devtools.add-properties' to 'false' to disable
2023-04-24 15:43:38,558 INFO o.s.b.d.e.DevToolsPropertyDefaultsPostProcessor [restartedMain] For additional web related logging consider setting the 'logging.level.web' property to 'DEBUG'
2023-04-24 15:43:46,762 INFO o.s.b.w.e.t.TomcatWebServer [restartedMain] Tomcat initialized with port(s): 8081 (http)
2023-04-24 15:43:46,804 INFO o.a.c.h.Http11NioProtocol [restartedMain] Initializing ProtocolHandler ["http-nio-8081"]
2023-04-24 15:43:46,806 INFO o.a.c.c.StandardService [restartedMain] Starting service [Tomcat]
2023-04-24 15:43:46,807 INFO o.a.c.c.StandardEngine [restartedMain] Starting Servlet engine: [Apache Tomcat/10.1.4]
2023-04-24 15:43:47,166 INFO o.a.c.c.C.[.[.[/] [restartedMain] Initializing Spring embedded WebApplicationContext
2023-04-24 15:43:47,173 INFO o.s.b.w.s.c.ServletWebServerApplicationContext [restartedMain] Root WebApplicationContext: initialization completed in 8612 ms
2023-04-24 15:43:49,049 WARN o.s.b.w.s.c.AnnotationConfigServletWebServerApplicationContext [restartedMain] Exception encountered during context initialization - cancelling refresh attempt: org.springframework.beans.factory.UnsatisfiedDependencyException: Error creating bean with name 'jooqLinkService' defined in class path resource [ru/tinkoff/edu/java/scrapper/service/jooq/JooqLinkService.class]: Unsatisfied dependency expressed through constructor parameter 0: Error creating bean with name 'dslContext' defined in class path resource [ru/tinkoff/edu/java/scrapper/configuration/BeanConfig.class]: Failed to instantiate [org.jooq.DSLContext]: Factory method 'dslContext' threw exception with message: org.postgresql.util.PSQLException: Подсоединение по адресу localhost:8082 отклонено. Проверьте что хост и порт указаны правильно и что postmaster принимает TCP/IP-подсоединения.
2023-04-24 15:43:49,063 INFO o.a.c.c.StandardService [restartedMain] Stopping service [Tomcat]
2023-04-24 15:43:49,158 INFO o.s.b.a.l.ConditionEvaluationReportLogger [restartedMain] 

Error starting ApplicationContext. To display the condition evaluation report re-run your application with 'debug' enabled.
2023-04-24 15:43:49,352 ERROR o.s.b.SpringApplication [restartedMain] Application run failed
org.springframework.beans.factory.UnsatisfiedDependencyException: Error creating bean with name 'jooqLinkService' defined in class path resource [ru/tinkoff/edu/java/scrapper/service/jooq/JooqLinkService.class]: Unsatisfied dependency expressed through constructor parameter 0: Error creating bean with name 'dslContext' defined in class path resource [ru/tinkoff/edu/java/scrapper/configuration/BeanConfig.class]: Failed to instantiate [org.jooq.DSLContext]: Factory method 'dslContext' threw exception with message: org.postgresql.util.PSQLException: Подсоединение по адресу localhost:8082 отклонено. Проверьте что хост и порт указаны правильно и что postmaster принимает TCP/IP-подсоединения.
	at org.springframework.beans.factory.support.ConstructorResolver.createArgumentArray(ConstructorResolver.java:798)
	at org.springframework.beans.factory.support.ConstructorResolver.autowireConstructor(ConstructorResolver.java:245)
	at org.springframework.beans.factory.support.AbstractAutowireCapableBeanFactory.autowireConstructor(AbstractAutowireCapableBeanFactory.java:1344)
	at org.springframework.beans.factory.support.AbstractAutowireCapableBeanFactory.createBeanInstance(AbstractAutowireCapableBeanFactory.java:1188)
	at org.springframework.beans.factory.support.AbstractAutowireCapableBeanFactory.doCreateBean(AbstractAutowireCapableBeanFactory.java:561)
	at org.springframework.beans.factory.support.AbstractAutowireCapableBeanFactory.createBean(AbstractAutowireCapableBeanFactory.java:521)
	at org.springframework.beans.factory.support.AbstractBeanFactory.lambda$doGetBean$0(AbstractBeanFactory.java:326)
	at org.springframework.beans.factory.support.DefaultSingletonBeanRegistry.getSingleton(DefaultSingletonBeanRegistry.java:234)
	at org.springframework.beans.factory.support.AbstractBeanFactory.doGetBean(AbstractBeanFactory.java:324)
	at org.springframework.beans.factory.support.AbstractBeanFactory.getBean(AbstractBeanFactory.java:200)
	at org.springframework.beans.factory.support.DefaultListableBeanFactory.preInstantiateSingletons(DefaultListableBeanFactory.java:961)
	at org.springframework.context.support.AbstractApplicationContext.finishBeanFactoryInitialization(AbstractApplicationContext.java:915)
	at org.springframework.context.support.AbstractApplicationContext.refresh(AbstractApplicationContext.java:584)
	at org.springframework.boot.web.servlet.context.ServletWebServerApplicationContext.refresh(ServletWebServerApplicationContext.java:146)
	at org.springframework.boot.SpringApplication.refresh(SpringApplication.java:730)
	at org.springframework.boot.SpringApplication.refreshContext(SpringApplication.java:432)
	at org.springframework.boot.SpringApplication.run(SpringApplication.java:308)
	at org.springframework.boot.SpringApplication.run(SpringApplication.java:1302)
	at org.springframework.boot.SpringApplication.run(SpringApplication.java:1291)
	at ru.tinkoff.edu.java.scrapper.ScrapperApplication.main(ScrapperApplication.java:13)
	at java.base/jdk.internal.reflect.NativeMethodAccessorImpl.invoke0(Native Method)
	at java.base/jdk.internal.reflect.NativeMethodAccessorImpl.invoke(NativeMethodAccessorImpl.java:77)
	at java.base/jdk.internal.reflect.DelegatingMethodAccessorImpl.invoke(DelegatingMethodAccessorImpl.java:43)
	at java.base/java.lang.reflect.Method.invoke(Method.java:568)
	at org.springframework.boot.devtools.restart.RestartLauncher.run(RestartLauncher.java:49)
Caused by: org.springframework.beans.factory.BeanCreationException: Error creating bean with name 'dslContext' defined in class path resource [ru/tinkoff/edu/java/scrapper/configuration/BeanConfig.class]: Failed to instantiate [org.jooq.DSLContext]: Factory method 'dslContext' threw exception with message: org.postgresql.util.PSQLException: Подсоединение по адресу localhost:8082 отклонено. Проверьте что хост и порт указаны правильно и что postmaster принимает TCP/IP-подсоединения.
	at org.springframework.beans.factory.support.ConstructorResolver.instantiate(ConstructorResolver.java:657)
	at org.springframework.beans.factory.support.ConstructorResolver.instantiateUsingFactoryMethod(ConstructorResolver.java:491)
	at org.springframework.beans.factory.support.AbstractAutowireCapableBeanFactory.instantiateUsingFactoryMethod(AbstractAutowireCapableBeanFactory.java:1324)
	at org.springframework.beans.factory.support.AbstractAutowireCapableBeanFactory.createBeanInstance(AbstractAutowireCapableBeanFactory.java:1161)
	at org.springframework.beans.factory.support.AbstractAutowireCapableBeanFactory.doCreateBean(AbstractAutowireCapableBeanFactory.java:561)
	at org.springframework.beans.factory.support.AbstractAutowireCapableBeanFactory.createBean(AbstractAutowireCapableBeanFactory.java:521)
	at org.springframework.beans.factory.support.AbstractBeanFactory.lambda$doGetBean$0(AbstractBeanFactory.java:326)
	at org.springframework.beans.factory.support.DefaultSingletonBeanRegistry.getSingleton(DefaultSingletonBeanRegistry.java:234)
	at org.springframework.beans.factory.support.AbstractBeanFactory.doGetBean(AbstractBeanFactory.java:324)
	at org.springframework.beans.factory.support.AbstractBeanFactory.getBean(AbstractBeanFactory.java:200)
	at org.springframework.beans.factory.config.DependencyDescriptor.resolveCandidate(DependencyDescriptor.java:254)
	at org.springframework.beans.factory.support.DefaultListableBeanFactory.doResolveDependency(DefaultListableBeanFactory.java:1405)
	at org.springframework.beans.factory.support.DefaultListableBeanFactory.resolveDependency(DefaultListableBeanFactory.java:1325)
	at org.springframework.beans.factory.support.ConstructorResolver.resolveAutowiredArgument(ConstructorResolver.java:885)
	at org.springframework.beans.factory.support.ConstructorResolver.createArgumentArray(ConstructorResolver.java:789)
	... 24 common frames omitted
Caused by: org.springframework.beans.BeanInstantiationException: Failed to instantiate [org.jooq.DSLContext]: Factory method 'dslContext' threw exception with message: org.postgresql.util.PSQLException: Подсоединение по адресу localhost:8082 отклонено. Проверьте что хост и порт указаны правильно и что postmaster принимает TCP/IP-подсоединения.
	at org.springframework.beans.factory.support.SimpleInstantiationStrategy.instantiate(SimpleInstantiationStrategy.java:171)
	at org.springframework.beans.factory.support.ConstructorResolver.instantiate(ConstructorResolver.java:653)
	... 38 common frames omitted
Caused by: java.lang.RuntimeException: org.postgresql.util.PSQLException: Подсоединение по адресу localhost:8082 отклонено. Проверьте что хост и порт указаны правильно и что postmaster принимает TCP/IP-подсоединения.
	at ru.tinkoff.edu.java.scrapper.configuration.BeanConfig.dslContext(BeanConfig.java:56)
	at ru.tinkoff.edu.java.scrapper.configuration.BeanConfig$$SpringCGLIB$$0.CGLIB$dslContext$2(<generated>)
	at ru.tinkoff.edu.java.scrapper.configuration.BeanConfig$$SpringCGLIB$$2.invoke(<generated>)
	at org.springframework.cglib.proxy.MethodProxy.invokeSuper(MethodProxy.java:258)
	at org.springframework.context.annotation.ConfigurationClassEnhancer$BeanMethodInterceptor.intercept(ConfigurationClassEnhancer.java:331)
	at ru.tinkoff.edu.java.scrapper.configuration.BeanConfig$$SpringCGLIB$$0.dslContext(<generated>)
	at java.base/jdk.internal.reflect.NativeMethodAccessorImpl.invoke0(Native Method)
	at java.base/jdk.internal.reflect.NativeMethodAccessorImpl.invoke(NativeMethodAccessorImpl.java:77)
	at java.base/jdk.internal.reflect.DelegatingMethodAccessorImpl.invoke(DelegatingMethodAccessorImpl.java:43)
	at java.base/java.lang.reflect.Method.invoke(Method.java:568)
	at org.springframework.beans.factory.support.SimpleInstantiationStrategy.instantiate(SimpleInstantiationStrategy.java:139)
	... 39 common frames omitted
Caused by: org.postgresql.util.PSQLException: Подсоединение по адресу localhost:8082 отклонено. Проверьте что хост и порт указаны правильно и что postmaster принимает TCP/IP-подсоединения.
	at org.postgresql.core.v3.ConnectionFactoryImpl.openConnectionImpl(ConnectionFactoryImpl.java:319)
	at org.postgresql.core.ConnectionFactory.openConnection(ConnectionFactory.java:49)
	at org.postgresql.jdbc.PgConnection.<init>(PgConnection.java:247)
	at org.postgresql.Driver.makeConnection(Driver.java:434)
	at org.postgresql.Driver.connect(Driver.java:291)
	at java.sql/java.sql.DriverManager.getConnection(DriverManager.java:681)
	at java.sql/java.sql.DriverManager.getConnection(DriverManager.java:229)
	at ru.tinkoff.edu.java.scrapper.configuration.BeanConfig.dslContext(BeanConfig.java:53)
	... 49 common frames omitted
Caused by: java.net.ConnectException: Connection refused: no further information
	at java.base/sun.nio.ch.Net.pollConnect(Native Method)
	at java.base/sun.nio.ch.Net.pollConnectNow(Net.java:672)
	at java.base/sun.nio.ch.NioSocketImpl.timedFinishConnect(NioSocketImpl.java:542)
	at java.base/sun.nio.ch.NioSocketImpl.connect(NioSocketImpl.java:597)
	at java.base/java.net.SocksSocketImpl.connect(SocksSocketImpl.java:327)
	at java.base/java.net.Socket.connect(Socket.java:633)
	at org.postgresql.core.PGStream.createSocket(PGStream.java:241)
	at org.postgresql.core.PGStream.<init>(PGStream.java:98)
	at org.postgresql.core.v3.ConnectionFactoryImpl.tryConnect(ConnectionFactoryImpl.java:109)
	at org.postgresql.core.v3.ConnectionFactoryImpl.openConnectionImpl(ConnectionFactoryImpl.java:235)
	... 56 common frames omitted
2023-04-24 15:49:54,912 INFO o.h.v.i.u.Version [background-preinit] HV000001: Hibernate Validator 8.0.0.Final
2023-04-24 15:49:55,186 INFO r.t.e.j.s.ScrapperApplication [restartedMain] Starting ScrapperApplication using Java 17.0.2 with PID 1560 (D:\BackendDev Tinkoff\TinkoffRep\TinkoffProject\scrapper\target\classes started by Роман in D:\BackendDev Tinkoff\TinkoffRep\TinkoffProject)
2023-04-24 15:49:55,189 INFO r.t.e.j.s.ScrapperApplication [restartedMain] No active profile set, falling back to 1 default profile: "default"
2023-04-24 15:49:55,345 INFO o.s.b.d.e.DevToolsPropertyDefaultsPostProcessor [restartedMain] Devtools property defaults active! Set 'spring.devtools.add-properties' to 'false' to disable
2023-04-24 15:49:55,346 INFO o.s.b.d.e.DevToolsPropertyDefaultsPostProcessor [restartedMain] For additional web related logging consider setting the 'logging.level.web' property to 'DEBUG'
2023-04-24 15:50:01,607 INFO o.s.b.w.e.t.TomcatWebServer [restartedMain] Tomcat initialized with port(s): 8081 (http)
2023-04-24 15:50:01,646 INFO o.a.c.h.Http11NioProtocol [restartedMain] Initializing ProtocolHandler ["http-nio-8081"]
2023-04-24 15:50:01,649 INFO o.a.c.c.StandardService [restartedMain] Starting service [Tomcat]
2023-04-24 15:50:01,650 INFO o.a.c.c.StandardEngine [restartedMain] Starting Servlet engine: [Apache Tomcat/10.1.4]
2023-04-24 15:50:02,018 INFO o.a.c.c.C.[.[.[/] [restartedMain] Initializing Spring embedded WebApplicationContext
2023-04-24 15:50:02,019 INFO o.s.b.w.s.c.ServletWebServerApplicationContext [restartedMain] Root WebApplicationContext: initialization completed in 6670 ms
2023-04-24 15:50:11,877 INFO o.s.b.d.a.OptionalLiveReloadServer [restartedMain] LiveReload server is running on port 35729
2023-04-24 15:50:11,992 INFO o.a.c.h.Http11NioProtocol [restartedMain] Starting ProtocolHandler ["http-nio-8081"]
2023-04-24 15:50:12,063 INFO o.s.b.w.e.t.TomcatWebServer [restartedMain] Tomcat started on port(s): 8081 (http) with context path ''
2023-04-24 15:50:12,132 INFO r.t.e.j.s.ScrapperApplication [restartedMain] Started ScrapperApplication in 18.477 seconds (process running for 21.541)
2023-04-24 15:52:15,386 INFO o.a.c.c.C.[.[.[/] [http-nio-8081-exec-1] Initializing Spring DispatcherServlet 'dispatcherServlet'
2023-04-24 15:52:15,397 INFO o.s.w.s.DispatcherServlet [http-nio-8081-exec-1] Initializing Servlet 'dispatcherServlet'
2023-04-24 15:52:15,490 INFO o.s.w.s.DispatcherServlet [http-nio-8081-exec-1] Completed initialization in 90 ms
2023-04-24 15:52:32,338 INFO o.s.a.AbstractOpenApiResource [http-nio-8081-exec-2] Init duration for springdoc-openapi is: 4245 ms
2023-04-24 16:06:32,520 INFO o.h.v.i.u.Version [background-preinit] HV000001: Hibernate Validator 8.0.0.Final
2023-04-24 16:06:32,756 INFO r.t.e.j.s.ScrapperApplication [restartedMain] Starting ScrapperApplication using Java 17.0.2 with PID 1696 (D:\BackendDev Tinkoff\TinkoffRep\TinkoffProject\scrapper\target\classes started by Роман in D:\BackendDev Tinkoff\TinkoffRep\TinkoffProject)
2023-04-24 16:06:32,760 INFO r.t.e.j.s.ScrapperApplication [restartedMain] No active profile set, falling back to 1 default profile: "default"
2023-04-24 16:06:33,016 INFO o.s.b.d.e.DevToolsPropertyDefaultsPostProcessor [restartedMain] Devtools property defaults active! Set 'spring.devtools.add-properties' to 'false' to disable
2023-04-24 16:06:33,021 INFO o.s.b.d.e.DevToolsPropertyDefaultsPostProcessor [restartedMain] For additional web related logging consider setting the 'logging.level.web' property to 'DEBUG'
2023-04-24 16:06:38,871 INFO o.s.b.w.e.t.TomcatWebServer [restartedMain] Tomcat initialized with port(s): 8081 (http)
2023-04-24 16:06:38,911 INFO o.a.c.h.Http11NioProtocol [restartedMain] Initializing ProtocolHandler ["http-nio-8081"]
2023-04-24 16:06:38,914 INFO o.a.c.c.StandardService [restartedMain] Starting service [Tomcat]
2023-04-24 16:06:38,922 INFO o.a.c.c.StandardEngine [restartedMain] Starting Servlet engine: [Apache Tomcat/10.1.4]
2023-04-24 16:06:39,321 INFO o.a.c.c.C.[.[.[/] [restartedMain] Initializing Spring embedded WebApplicationContext
2023-04-24 16:06:39,323 INFO o.s.b.w.s.c.ServletWebServerApplicationContext [restartedMain] Root WebApplicationContext: initialization completed in 6280 ms
2023-04-24 16:06:41,932 WARN o.s.b.w.s.c.AnnotationConfigServletWebServerApplicationContext [restartedMain] Exception encountered during context initialization - cancelling refresh attempt: org.springframework.beans.factory.UnsatisfiedDependencyException: Error creating bean with name 'jooqLinkService' defined in class path resource [ru/tinkoff/edu/java/scrapper/service/jooq/JooqLinkService.class]: Unsatisfied dependency expressed through constructor parameter 0: Error creating bean with name 'dslContext' defined in class path resource [ru/tinkoff/edu/java/scrapper/configuration/BeanConfig.class]: Failed to instantiate [org.jooq.DSLContext]: Factory method 'dslContext' threw exception with message: org.postgresql.util.PSQLException: FATAL: password authentication failed for user "popilroman"
2023-04-24 16:06:41,947 INFO o.a.c.c.StandardService [restartedMain] Stopping service [Tomcat]
2023-04-24 16:06:42,023 INFO o.s.b.a.l.ConditionEvaluationReportLogger [restartedMain] 

Error starting ApplicationContext. To display the condition evaluation report re-run your application with 'debug' enabled.
2023-04-24 16:06:42,101 ERROR o.s.b.SpringApplication [restartedMain] Application run failed
org.springframework.beans.factory.UnsatisfiedDependencyException: Error creating bean with name 'jooqLinkService' defined in class path resource [ru/tinkoff/edu/java/scrapper/service/jooq/JooqLinkService.class]: Unsatisfied dependency expressed through constructor parameter 0: Error creating bean with name 'dslContext' defined in class path resource [ru/tinkoff/edu/java/scrapper/configuration/BeanConfig.class]: Failed to instantiate [org.jooq.DSLContext]: Factory method 'dslContext' threw exception with message: org.postgresql.util.PSQLException: FATAL: password authentication failed for user "popilroman"
	at org.springframework.beans.factory.support.ConstructorResolver.createArgumentArray(ConstructorResolver.java:798)
	at org.springframework.beans.factory.support.ConstructorResolver.autowireConstructor(ConstructorResolver.java:245)
	at org.springframework.beans.factory.support.AbstractAutowireCapableBeanFactory.autowireConstructor(AbstractAutowireCapableBeanFactory.java:1344)
	at org.springframework.beans.factory.support.AbstractAutowireCapableBeanFactory.createBeanInstance(AbstractAutowireCapableBeanFactory.java:1188)
	at org.springframework.beans.factory.support.AbstractAutowireCapableBeanFactory.doCreateBean(AbstractAutowireCapableBeanFactory.java:561)
	at org.springframework.beans.factory.support.AbstractAutowireCapableBeanFactory.createBean(AbstractAutowireCapableBeanFactory.java:521)
	at org.springframework.beans.factory.support.AbstractBeanFactory.lambda$doGetBean$0(AbstractBeanFactory.java:326)
	at org.springframework.beans.factory.support.DefaultSingletonBeanRegistry.getSingleton(DefaultSingletonBeanRegistry.java:234)
	at org.springframework.beans.factory.support.AbstractBeanFactory.doGetBean(AbstractBeanFactory.java:324)
	at org.springframework.beans.factory.support.AbstractBeanFactory.getBean(AbstractBeanFactory.java:200)
	at org.springframework.beans.factory.support.DefaultListableBeanFactory.preInstantiateSingletons(DefaultListableBeanFactory.java:961)
	at org.springframework.context.support.AbstractApplicationContext.finishBeanFactoryInitialization(AbstractApplicationContext.java:915)
	at org.springframework.context.support.AbstractApplicationContext.refresh(AbstractApplicationContext.java:584)
	at org.springframework.boot.web.servlet.context.ServletWebServerApplicationContext.refresh(ServletWebServerApplicationContext.java:146)
	at org.springframework.boot.SpringApplication.refresh(SpringApplication.java:730)
	at org.springframework.boot.SpringApplication.refreshContext(SpringApplication.java:432)
	at org.springframework.boot.SpringApplication.run(SpringApplication.java:308)
	at org.springframework.boot.SpringApplication.run(SpringApplication.java:1302)
	at org.springframework.boot.SpringApplication.run(SpringApplication.java:1291)
	at ru.tinkoff.edu.java.scrapper.ScrapperApplication.main(ScrapperApplication.java:13)
	at java.base/jdk.internal.reflect.NativeMethodAccessorImpl.invoke0(Native Method)
	at java.base/jdk.internal.reflect.NativeMethodAccessorImpl.invoke(NativeMethodAccessorImpl.java:77)
	at java.base/jdk.internal.reflect.DelegatingMethodAccessorImpl.invoke(DelegatingMethodAccessorImpl.java:43)
	at java.base/java.lang.reflect.Method.invoke(Method.java:568)
	at org.springframework.boot.devtools.restart.RestartLauncher.run(RestartLauncher.java:49)
Caused by: org.springframework.beans.factory.BeanCreationException: Error creating bean with name 'dslContext' defined in class path resource [ru/tinkoff/edu/java/scrapper/configuration/BeanConfig.class]: Failed to instantiate [org.jooq.DSLContext]: Factory method 'dslContext' threw exception with message: org.postgresql.util.PSQLException: FATAL: password authentication failed for user "popilroman"
	at org.springframework.beans.factory.support.ConstructorResolver.instantiate(ConstructorResolver.java:657)
	at org.springframework.beans.factory.support.ConstructorResolver.instantiateUsingFactoryMethod(ConstructorResolver.java:491)
	at org.springframework.beans.factory.support.AbstractAutowireCapableBeanFactory.instantiateUsingFactoryMethod(AbstractAutowireCapableBeanFactory.java:1324)
	at org.springframework.beans.factory.support.AbstractAutowireCapableBeanFactory.createBeanInstance(AbstractAutowireCapableBeanFactory.java:1161)
	at org.springframework.beans.factory.support.AbstractAutowireCapableBeanFactory.doCreateBean(AbstractAutowireCapableBeanFactory.java:561)
	at org.springframework.beans.factory.support.AbstractAutowireCapableBeanFactory.createBean(AbstractAutowireCapableBeanFactory.java:521)
	at org.springframework.beans.factory.support.AbstractBeanFactory.lambda$doGetBean$0(AbstractBeanFactory.java:326)
	at org.springframework.beans.factory.support.DefaultSingletonBeanRegistry.getSingleton(DefaultSingletonBeanRegistry.java:234)
	at org.springframework.beans.factory.support.AbstractBeanFactory.doGetBean(AbstractBeanFactory.java:324)
	at org.springframework.beans.factory.support.AbstractBeanFactory.getBean(AbstractBeanFactory.java:200)
	at org.springframework.beans.factory.config.DependencyDescriptor.resolveCandidate(DependencyDescriptor.java:254)
	at org.springframework.beans.factory.support.DefaultListableBeanFactory.doResolveDependency(DefaultListableBeanFactory.java:1405)
	at org.springframework.beans.factory.support.DefaultListableBeanFactory.resolveDependency(DefaultListableBeanFactory.java:1325)
	at org.springframework.beans.factory.support.ConstructorResolver.resolveAutowiredArgument(ConstructorResolver.java:885)
	at org.springframework.beans.factory.support.ConstructorResolver.createArgumentArray(ConstructorResolver.java:789)
	... 24 common frames omitted
Caused by: org.springframework.beans.BeanInstantiationException: Failed to instantiate [org.jooq.DSLContext]: Factory method 'dslContext' threw exception with message: org.postgresql.util.PSQLException: FATAL: password authentication failed for user "popilroman"
	at org.springframework.beans.factory.support.SimpleInstantiationStrategy.instantiate(SimpleInstantiationStrategy.java:171)
	at org.springframework.beans.factory.support.ConstructorResolver.instantiate(ConstructorResolver.java:653)
	... 38 common frames omitted
Caused by: java.lang.RuntimeException: org.postgresql.util.PSQLException: FATAL: password authentication failed for user "popilroman"
	at ru.tinkoff.edu.java.scrapper.configuration.BeanConfig.dslContext(BeanConfig.java:56)
	at ru.tinkoff.edu.java.scrapper.configuration.BeanConfig$$SpringCGLIB$$0.CGLIB$dslContext$0(<generated>)
	at ru.tinkoff.edu.java.scrapper.configuration.BeanConfig$$SpringCGLIB$$2.invoke(<generated>)
	at org.springframework.cglib.proxy.MethodProxy.invokeSuper(MethodProxy.java:258)
	at org.springframework.context.annotation.ConfigurationClassEnhancer$BeanMethodInterceptor.intercept(ConfigurationClassEnhancer.java:331)
	at ru.tinkoff.edu.java.scrapper.configuration.BeanConfig$$SpringCGLIB$$0.dslContext(<generated>)
	at java.base/jdk.internal.reflect.NativeMethodAccessorImpl.invoke0(Native Method)
	at java.base/jdk.internal.reflect.NativeMethodAccessorImpl.invoke(NativeMethodAccessorImpl.java:77)
	at java.base/jdk.internal.reflect.DelegatingMethodAccessorImpl.invoke(DelegatingMethodAccessorImpl.java:43)
	at java.base/java.lang.reflect.Method.invoke(Method.java:568)
	at org.springframework.beans.factory.support.SimpleInstantiationStrategy.instantiate(SimpleInstantiationStrategy.java:139)
	... 39 common frames omitted
Caused by: org.postgresql.util.PSQLException: FATAL: password authentication failed for user "popilroman"
	at org.postgresql.core.v3.ConnectionFactoryImpl.doAuthentication(ConnectionFactoryImpl.java:659)
	at org.postgresql.core.v3.ConnectionFactoryImpl.tryConnect(ConnectionFactoryImpl.java:180)
	at org.postgresql.core.v3.ConnectionFactoryImpl.openConnectionImpl(ConnectionFactoryImpl.java:235)
	at org.postgresql.core.ConnectionFactory.openConnection(ConnectionFactory.java:49)
	at org.postgresql.jdbc.PgConnection.<init>(PgConnection.java:247)
	at org.postgresql.Driver.makeConnection(Driver.java:434)
	at org.postgresql.Driver.connect(Driver.java:291)
	at java.sql/java.sql.DriverManager.getConnection(DriverManager.java:681)
	at java.sql/java.sql.DriverManager.getConnection(DriverManager.java:229)
	at ru.tinkoff.edu.java.scrapper.configuration.BeanConfig.dslContext(BeanConfig.java:53)
	... 49 common frames omitted
2023-04-24 16:07:45,444 INFO o.h.v.i.u.Version [background-preinit] HV000001: Hibernate Validator 8.0.0.Final
2023-04-24 16:07:45,644 INFO r.t.e.j.s.ScrapperApplication [restartedMain] Starting ScrapperApplication using Java 17.0.2 with PID 5792 (D:\BackendDev Tinkoff\TinkoffRep\TinkoffProject\scrapper\target\classes started by Роман in D:\BackendDev Tinkoff\TinkoffRep\TinkoffProject)
2023-04-24 16:07:45,649 INFO r.t.e.j.s.ScrapperApplication [restartedMain] No active profile set, falling back to 1 default profile: "default"
2023-04-24 16:07:45,842 INFO o.s.b.d.e.DevToolsPropertyDefaultsPostProcessor [restartedMain] Devtools property defaults active! Set 'spring.devtools.add-properties' to 'false' to disable
2023-04-24 16:07:45,844 INFO o.s.b.d.e.DevToolsPropertyDefaultsPostProcessor [restartedMain] For additional web related logging consider setting the 'logging.level.web' property to 'DEBUG'
2023-04-24 16:07:51,347 INFO o.s.b.w.e.t.TomcatWebServer [restartedMain] Tomcat initialized with port(s): 8081 (http)
2023-04-24 16:07:51,382 INFO o.a.c.h.Http11NioProtocol [restartedMain] Initializing ProtocolHandler ["http-nio-8081"]
2023-04-24 16:07:51,384 INFO o.a.c.c.StandardService [restartedMain] Starting service [Tomcat]
2023-04-24 16:07:51,385 INFO o.a.c.c.StandardEngine [restartedMain] Starting Servlet engine: [Apache Tomcat/10.1.4]
2023-04-24 16:07:51,630 INFO o.a.c.c.C.[.[.[/] [restartedMain] Initializing Spring embedded WebApplicationContext
2023-04-24 16:07:51,634 INFO o.s.b.w.s.c.ServletWebServerApplicationContext [restartedMain] Root WebApplicationContext: initialization completed in 5788 ms
2023-04-24 16:08:03,468 INFO o.s.b.d.a.OptionalLiveReloadServer [restartedMain] LiveReload server is running on port 35729
2023-04-24 16:08:03,773 INFO o.a.c.h.Http11NioProtocol [restartedMain] Starting ProtocolHandler ["http-nio-8081"]
2023-04-24 16:08:03,914 INFO o.s.b.w.e.t.TomcatWebServer [restartedMain] Tomcat started on port(s): 8081 (http) with context path ''
2023-04-24 16:08:03,953 INFO r.t.e.j.s.ScrapperApplication [restartedMain] Started ScrapperApplication in 19.46 seconds (process running for 21.797)
2023-04-24 16:08:29,438 INFO o.a.c.c.C.[.[.[/] [http-nio-8081-exec-2] Initializing Spring DispatcherServlet 'dispatcherServlet'
2023-04-24 16:08:29,457 INFO o.s.w.s.DispatcherServlet [http-nio-8081-exec-2] Initializing Servlet 'dispatcherServlet'
2023-04-24 16:08:29,521 INFO o.s.w.s.DispatcherServlet [http-nio-8081-exec-2] Completed initialization in 62 ms
2023-04-24 16:08:42,927 INFO o.s.a.AbstractOpenApiResource [http-nio-8081-exec-7] Init duration for springdoc-openapi is: 3292 ms
