2023-04-26 10:17:30,159 INFO o.h.v.i.u.Version [background-preinit] HV000001: Hibernate Validator 8.0.0.Final
2023-04-26 10:17:31,288 INFO r.t.e.j.s.ScrapperApplication [restartedMain] Starting ScrapperApplication using Java 17.0.2 with PID 15372 (D:\BackendDev Tinkoff\TinkoffRep\TinkoffProject\scrapper\target\classes started by Роман in D:\BackendDev Tinkoff\TinkoffRep\TinkoffProject)
2023-04-26 10:17:31,307 INFO r.t.e.j.s.ScrapperApplication [restartedMain] No active profile set, falling back to 1 default profile: "default"
2023-04-26 10:17:31,921 INFO o.s.b.d.e.DevToolsPropertyDefaultsPostProcessor [restartedMain] Devtools property defaults active! Set 'spring.devtools.add-properties' to 'false' to disable
2023-04-26 10:17:31,924 INFO o.s.b.d.e.DevToolsPropertyDefaultsPostProcessor [restartedMain] For additional web related logging consider setting the 'logging.level.web' property to 'DEBUG'
2023-04-26 10:17:35,302 INFO o.s.d.r.c.RepositoryConfigurationDelegate [restartedMain] Bootstrapping Spring Data JPA repositories in DEFAULT mode.
2023-04-26 10:17:35,366 INFO o.s.d.r.c.RepositoryConfigurationDelegate [restartedMain] Finished Spring Data repository scanning in 31 ms. Found 0 JPA repository interfaces.
2023-04-26 10:17:38,503 INFO o.s.b.w.e.t.TomcatWebServer [restartedMain] Tomcat initialized with port(s): 8081 (http)
2023-04-26 10:17:38,536 INFO o.a.c.h.Http11NioProtocol [restartedMain] Initializing ProtocolHandler ["http-nio-8081"]
2023-04-26 10:17:38,539 INFO o.a.c.c.StandardService [restartedMain] Starting service [Tomcat]
2023-04-26 10:17:38,540 INFO o.a.c.c.StandardEngine [restartedMain] Starting Servlet engine: [Apache Tomcat/10.1.4]
2023-04-26 10:17:38,759 INFO o.a.c.c.C.[.[.[/] [restartedMain] Initializing Spring embedded WebApplicationContext
2023-04-26 10:17:38,760 INFO o.s.b.w.s.c.ServletWebServerApplicationContext [restartedMain] Root WebApplicationContext: initialization completed in 6833 ms
2023-04-26 10:17:40,211 INFO o.h.j.i.u.LogHelper [restartedMain] HHH000204: Processing PersistenceUnitInfo [name: default]
2023-04-26 10:17:40,372 INFO o.h.Version [restartedMain] HHH000412: Hibernate ORM core version 6.1.6.Final
2023-04-26 10:17:41,717 INFO SQL dialect [restartedMain] HHH000400: Using dialect: org.hibernate.dialect.PostgreSQLDialect
2023-04-26 10:17:42,689 INFO o.h.e.t.j.p.i.JtaPlatformInitiator [restartedMain] HHH000490: Using JtaPlatform implementation: [org.hibernate.engine.transaction.jta.platform.internal.NoJtaPlatform]
2023-04-26 10:17:42,716 INFO o.s.o.j.LocalContainerEntityManagerFactoryBean [restartedMain] Initialized JPA EntityManagerFactory for persistence unit 'default'
2023-04-26 10:17:43,751 WARN o.s.b.w.s.c.AnnotationConfigServletWebServerApplicationContext [restartedMain] Exception encountered during context initialization - cancelling refresh attempt: org.springframework.beans.factory.UnsatisfiedDependencyException: Error creating bean with name 'tgChatController' defined in class path resource [ru/tinkoff/edu/java/scrapper/controller/TgChatController.class]: Unsatisfied dependency expressed through constructor parameter 1: No qualifying bean of type 'ru.tinkoff.edu.java.scrapper.service.jdbc.JdbcTgChatService' available: expected at least 1 bean which qualifies as autowire candidate. Dependency annotations: {}
2023-04-26 10:17:43,753 INFO o.s.o.j.LocalContainerEntityManagerFactoryBean [restartedMain] Closing JPA EntityManagerFactory for persistence unit 'default'
2023-04-26 10:17:43,764 INFO o.a.c.c.StandardService [restartedMain] Stopping service [Tomcat]
2023-04-26 10:17:43,796 INFO o.s.b.a.l.ConditionEvaluationReportLogger [restartedMain] 

Error starting ApplicationContext. To display the condition evaluation report re-run your application with 'debug' enabled.
2023-04-26 10:17:43,850 ERROR o.s.b.d.LoggingFailureAnalysisReporter [restartedMain] 

***************************
APPLICATION FAILED TO START
***************************

Description:

Parameter 1 of constructor in ru.tinkoff.edu.java.scrapper.controller.TgChatController required a bean of type 'ru.tinkoff.edu.java.scrapper.service.jdbc.JdbcTgChatService' that could not be found.


Action:

Consider defining a bean of type 'ru.tinkoff.edu.java.scrapper.service.jdbc.JdbcTgChatService' in your configuration.

2023-04-26 10:21:04,126 INFO o.h.v.i.u.Version [background-preinit] HV000001: Hibernate Validator 8.0.0.Final
2023-04-26 10:21:04,300 INFO r.t.e.j.s.ScrapperApplication [restartedMain] Starting ScrapperApplication using Java 17.0.2 with PID 7232 (D:\BackendDev Tinkoff\TinkoffRep\TinkoffProject\scrapper\target\classes started by Роман in D:\BackendDev Tinkoff\TinkoffRep\TinkoffProject)
2023-04-26 10:21:04,305 INFO r.t.e.j.s.ScrapperApplication [restartedMain] No active profile set, falling back to 1 default profile: "default"
2023-04-26 10:21:04,464 INFO o.s.b.d.e.DevToolsPropertyDefaultsPostProcessor [restartedMain] Devtools property defaults active! Set 'spring.devtools.add-properties' to 'false' to disable
2023-04-26 10:21:04,466 INFO o.s.b.d.e.DevToolsPropertyDefaultsPostProcessor [restartedMain] For additional web related logging consider setting the 'logging.level.web' property to 'DEBUG'
2023-04-26 10:21:07,463 INFO o.s.d.r.c.RepositoryConfigurationDelegate [restartedMain] Bootstrapping Spring Data JPA repositories in DEFAULT mode.
2023-04-26 10:21:07,510 INFO o.s.d.r.c.RepositoryConfigurationDelegate [restartedMain] Finished Spring Data repository scanning in 25 ms. Found 0 JPA repository interfaces.
2023-04-26 10:21:10,297 INFO o.s.b.w.e.t.TomcatWebServer [restartedMain] Tomcat initialized with port(s): 8081 (http)
2023-04-26 10:21:10,335 INFO o.a.c.h.Http11NioProtocol [restartedMain] Initializing ProtocolHandler ["http-nio-8081"]
2023-04-26 10:21:10,340 INFO o.a.c.c.StandardService [restartedMain] Starting service [Tomcat]
2023-04-26 10:21:10,342 INFO o.a.c.c.StandardEngine [restartedMain] Starting Servlet engine: [Apache Tomcat/10.1.4]
2023-04-26 10:21:10,596 INFO o.a.c.c.C.[.[.[/] [restartedMain] Initializing Spring embedded WebApplicationContext
2023-04-26 10:21:10,597 INFO o.s.b.w.s.c.ServletWebServerApplicationContext [restartedMain] Root WebApplicationContext: initialization completed in 6129 ms
2023-04-26 10:21:12,344 INFO o.h.j.i.u.LogHelper [restartedMain] HHH000204: Processing PersistenceUnitInfo [name: default]
2023-04-26 10:21:12,487 INFO o.h.Version [restartedMain] HHH000412: Hibernate ORM core version 6.1.6.Final
2023-04-26 10:21:13,712 INFO SQL dialect [restartedMain] HHH000400: Using dialect: org.hibernate.dialect.PostgreSQLDialect
2023-04-26 10:21:14,533 INFO o.h.e.t.j.p.i.JtaPlatformInitiator [restartedMain] HHH000490: Using JtaPlatform implementation: [org.hibernate.engine.transaction.jta.platform.internal.NoJtaPlatform]
2023-04-26 10:21:14,573 INFO o.s.o.j.LocalContainerEntityManagerFactoryBean [restartedMain] Initialized JPA EntityManagerFactory for persistence unit 'default'
2023-04-26 10:21:15,644 WARN o.s.b.w.s.c.AnnotationConfigServletWebServerApplicationContext [restartedMain] Exception encountered during context initialization - cancelling refresh attempt: org.springframework.beans.factory.UnsatisfiedDependencyException: Error creating bean with name 'tgChatController' defined in class path resource [ru/tinkoff/edu/java/scrapper/controller/TgChatController.class]: Unsatisfied dependency expressed through constructor parameter 1: No qualifying bean of type 'ru.tinkoff.edu.java.scrapper.service.jdbc.JdbcTgChatService' available: expected at least 1 bean which qualifies as autowire candidate. Dependency annotations: {}
2023-04-26 10:21:15,645 INFO o.s.o.j.LocalContainerEntityManagerFactoryBean [restartedMain] Closing JPA EntityManagerFactory for persistence unit 'default'
2023-04-26 10:21:15,655 INFO o.a.c.c.StandardService [restartedMain] Stopping service [Tomcat]
2023-04-26 10:21:15,702 INFO o.s.b.a.l.ConditionEvaluationReportLogger [restartedMain] 

Error starting ApplicationContext. To display the condition evaluation report re-run your application with 'debug' enabled.
2023-04-26 10:21:15,778 ERROR o.s.b.d.LoggingFailureAnalysisReporter [restartedMain] 

***************************
APPLICATION FAILED TO START
***************************

Description:

Parameter 1 of constructor in ru.tinkoff.edu.java.scrapper.controller.TgChatController required a bean of type 'ru.tinkoff.edu.java.scrapper.service.jdbc.JdbcTgChatService' that could not be found.


Action:

Consider defining a bean of type 'ru.tinkoff.edu.java.scrapper.service.jdbc.JdbcTgChatService' in your configuration.

2023-04-26 10:26:13,235 INFO o.h.v.i.u.Version [background-preinit] HV000001: Hibernate Validator 8.0.0.Final
2023-04-26 10:26:13,452 INFO r.t.e.j.s.ScrapperApplication [restartedMain] Starting ScrapperApplication using Java 17.0.2 with PID 1180 (D:\BackendDev Tinkoff\TinkoffRep\TinkoffProject\scrapper\target\classes started by Роман in D:\BackendDev Tinkoff\TinkoffRep\TinkoffProject)
2023-04-26 10:26:13,457 INFO r.t.e.j.s.ScrapperApplication [restartedMain] No active profile set, falling back to 1 default profile: "default"
2023-04-26 10:26:13,644 INFO o.s.b.d.e.DevToolsPropertyDefaultsPostProcessor [restartedMain] Devtools property defaults active! Set 'spring.devtools.add-properties' to 'false' to disable
2023-04-26 10:26:13,647 INFO o.s.b.d.e.DevToolsPropertyDefaultsPostProcessor [restartedMain] For additional web related logging consider setting the 'logging.level.web' property to 'DEBUG'
2023-04-26 10:26:23,451 INFO o.s.d.r.c.RepositoryConfigurationDelegate [restartedMain] Bootstrapping Spring Data JPA repositories in DEFAULT mode.
2023-04-26 10:26:23,720 INFO o.s.d.r.c.RepositoryConfigurationDelegate [restartedMain] Finished Spring Data repository scanning in 238 ms. Found 0 JPA repository interfaces.
2023-04-26 10:26:29,404 INFO o.s.b.w.e.t.TomcatWebServer [restartedMain] Tomcat initialized with port(s): 8081 (http)
2023-04-26 10:26:29,437 INFO o.a.c.h.Http11NioProtocol [restartedMain] Initializing ProtocolHandler ["http-nio-8081"]
2023-04-26 10:26:29,440 INFO o.a.c.c.StandardService [restartedMain] Starting service [Tomcat]
2023-04-26 10:26:29,441 INFO o.a.c.c.StandardEngine [restartedMain] Starting Servlet engine: [Apache Tomcat/10.1.4]
2023-04-26 10:26:29,731 INFO o.a.c.c.C.[.[.[/] [restartedMain] Initializing Spring embedded WebApplicationContext
2023-04-26 10:26:29,733 INFO o.s.b.w.s.c.ServletWebServerApplicationContext [restartedMain] Root WebApplicationContext: initialization completed in 16082 ms
2023-04-26 10:26:31,068 INFO o.h.j.i.u.LogHelper [restartedMain] HHH000204: Processing PersistenceUnitInfo [name: default]
2023-04-26 10:26:31,257 INFO o.h.Version [restartedMain] HHH000412: Hibernate ORM core version 6.1.6.Final
2023-04-26 10:26:32,583 INFO SQL dialect [restartedMain] HHH000400: Using dialect: org.hibernate.dialect.PostgreSQLDialect
2023-04-26 10:26:33,361 INFO o.h.e.t.j.p.i.JtaPlatformInitiator [restartedMain] HHH000490: Using JtaPlatform implementation: [org.hibernate.engine.transaction.jta.platform.internal.NoJtaPlatform]
2023-04-26 10:26:33,385 INFO o.s.o.j.LocalContainerEntityManagerFactoryBean [restartedMain] Initialized JPA EntityManagerFactory for persistence unit 'default'
2023-04-26 10:26:34,102 WARN o.s.b.w.s.c.AnnotationConfigServletWebServerApplicationContext [restartedMain] Exception encountered during context initialization - cancelling refresh attempt: org.springframework.beans.factory.UnsatisfiedDependencyException: Error creating bean with name 'tgChatController' defined in class path resource [ru/tinkoff/edu/java/scrapper/controller/TgChatController.class]: Unsatisfied dependency expressed through constructor parameter 1: No qualifying bean of type 'ru.tinkoff.edu.java.scrapper.service.TgChatService' available: expected at least 1 bean which qualifies as autowire candidate. Dependency annotations: {}
2023-04-26 10:26:34,104 INFO o.s.o.j.LocalContainerEntityManagerFactoryBean [restartedMain] Closing JPA EntityManagerFactory for persistence unit 'default'
2023-04-26 10:26:34,114 INFO o.a.c.c.StandardService [restartedMain] Stopping service [Tomcat]
2023-04-26 10:26:34,157 INFO o.s.b.a.l.ConditionEvaluationReportLogger [restartedMain] 

Error starting ApplicationContext. To display the condition evaluation report re-run your application with 'debug' enabled.
2023-04-26 10:26:34,245 ERROR o.s.b.d.LoggingFailureAnalysisReporter [restartedMain] 

***************************
APPLICATION FAILED TO START
***************************

Description:

Parameter 1 of constructor in ru.tinkoff.edu.java.scrapper.controller.TgChatController required a bean of type 'ru.tinkoff.edu.java.scrapper.service.TgChatService' that could not be found.


Action:

Consider defining a bean of type 'ru.tinkoff.edu.java.scrapper.service.TgChatService' in your configuration.

2023-04-26 10:29:49,907 INFO o.h.v.i.u.Version [background-preinit] HV000001: Hibernate Validator 8.0.0.Final
2023-04-26 10:29:50,249 INFO r.t.e.j.s.ScrapperApplication [restartedMain] Starting ScrapperApplication using Java 17.0.2 with PID 10460 (D:\BackendDev Tinkoff\TinkoffRep\TinkoffProject\scrapper\target\classes started by Роман in D:\BackendDev Tinkoff\TinkoffRep\TinkoffProject)
2023-04-26 10:29:50,253 INFO r.t.e.j.s.ScrapperApplication [restartedMain] No active profile set, falling back to 1 default profile: "default"
2023-04-26 10:29:50,689 INFO o.s.b.d.e.DevToolsPropertyDefaultsPostProcessor [restartedMain] Devtools property defaults active! Set 'spring.devtools.add-properties' to 'false' to disable
2023-04-26 10:29:50,691 INFO o.s.b.d.e.DevToolsPropertyDefaultsPostProcessor [restartedMain] For additional web related logging consider setting the 'logging.level.web' property to 'DEBUG'
2023-04-26 10:29:54,039 INFO o.s.d.r.c.RepositoryConfigurationDelegate [restartedMain] Bootstrapping Spring Data JPA repositories in DEFAULT mode.
2023-04-26 10:29:54,107 INFO o.s.d.r.c.RepositoryConfigurationDelegate [restartedMain] Finished Spring Data repository scanning in 34 ms. Found 0 JPA repository interfaces.
2023-04-26 10:29:57,058 INFO o.s.b.w.e.t.TomcatWebServer [restartedMain] Tomcat initialized with port(s): 8081 (http)
2023-04-26 10:29:57,092 INFO o.a.c.h.Http11NioProtocol [restartedMain] Initializing ProtocolHandler ["http-nio-8081"]
2023-04-26 10:29:57,095 INFO o.a.c.c.StandardService [restartedMain] Starting service [Tomcat]
2023-04-26 10:29:57,096 INFO o.a.c.c.StandardEngine [restartedMain] Starting Servlet engine: [Apache Tomcat/10.1.4]
2023-04-26 10:29:57,598 INFO o.a.c.c.C.[.[.[/] [restartedMain] Initializing Spring embedded WebApplicationContext
2023-04-26 10:29:57,600 INFO o.s.b.w.s.c.ServletWebServerApplicationContext [restartedMain] Root WebApplicationContext: initialization completed in 6906 ms
2023-04-26 10:29:58,874 INFO o.h.j.i.u.LogHelper [restartedMain] HHH000204: Processing PersistenceUnitInfo [name: default]
2023-04-26 10:29:59,070 INFO o.h.Version [restartedMain] HHH000412: Hibernate ORM core version 6.1.6.Final
2023-04-26 10:30:00,535 INFO SQL dialect [restartedMain] HHH000400: Using dialect: org.hibernate.dialect.PostgreSQLDialect
2023-04-26 10:30:01,448 INFO o.h.e.t.j.p.i.JtaPlatformInitiator [restartedMain] HHH000490: Using JtaPlatform implementation: [org.hibernate.engine.transaction.jta.platform.internal.NoJtaPlatform]
2023-04-26 10:30:01,535 INFO o.s.o.j.LocalContainerEntityManagerFactoryBean [restartedMain] Initialized JPA EntityManagerFactory for persistence unit 'default'
2023-04-26 10:30:02,317 WARN o.s.b.w.s.c.AnnotationConfigServletWebServerApplicationContext [restartedMain] Exception encountered during context initialization - cancelling refresh attempt: org.springframework.beans.factory.UnsatisfiedDependencyException: Error creating bean with name 'tgChatController' defined in class path resource [ru/tinkoff/edu/java/scrapper/controller/TgChatController.class]: Unsatisfied dependency expressed through constructor parameter 1: No qualifying bean of type 'ru.tinkoff.edu.java.scrapper.service.TgChatService' available: expected at least 1 bean which qualifies as autowire candidate. Dependency annotations: {}
2023-04-26 10:30:02,319 INFO o.s.o.j.LocalContainerEntityManagerFactoryBean [restartedMain] Closing JPA EntityManagerFactory for persistence unit 'default'
2023-04-26 10:30:02,340 INFO o.a.c.c.StandardService [restartedMain] Stopping service [Tomcat]
2023-04-26 10:30:02,374 INFO o.s.b.a.l.ConditionEvaluationReportLogger [restartedMain] 

Error starting ApplicationContext. To display the condition evaluation report re-run your application with 'debug' enabled.
2023-04-26 10:30:02,425 ERROR o.s.b.d.LoggingFailureAnalysisReporter [restartedMain] 

***************************
APPLICATION FAILED TO START
***************************

Description:

Parameter 1 of constructor in ru.tinkoff.edu.java.scrapper.controller.TgChatController required a bean of type 'ru.tinkoff.edu.java.scrapper.service.TgChatService' that could not be found.


Action:

Consider defining a bean of type 'ru.tinkoff.edu.java.scrapper.service.TgChatService' in your configuration.

2023-04-26 10:32:13,221 INFO o.h.v.i.u.Version [background-preinit] HV000001: Hibernate Validator 8.0.0.Final
2023-04-26 10:32:13,407 INFO r.t.e.j.s.ScrapperApplication [restartedMain] Starting ScrapperApplication using Java 17.0.2 with PID 13680 (D:\BackendDev Tinkoff\TinkoffRep\TinkoffProject\scrapper\target\classes started by Роман in D:\BackendDev Tinkoff\TinkoffRep\TinkoffProject)
2023-04-26 10:32:13,410 INFO r.t.e.j.s.ScrapperApplication [restartedMain] No active profile set, falling back to 1 default profile: "default"
2023-04-26 10:32:13,606 INFO o.s.b.d.e.DevToolsPropertyDefaultsPostProcessor [restartedMain] Devtools property defaults active! Set 'spring.devtools.add-properties' to 'false' to disable
2023-04-26 10:32:13,610 INFO o.s.b.d.e.DevToolsPropertyDefaultsPostProcessor [restartedMain] For additional web related logging consider setting the 'logging.level.web' property to 'DEBUG'
2023-04-26 10:32:17,145 INFO o.s.d.r.c.RepositoryConfigurationDelegate [restartedMain] Bootstrapping Spring Data JPA repositories in DEFAULT mode.
2023-04-26 10:32:17,192 INFO o.s.d.r.c.RepositoryConfigurationDelegate [restartedMain] Finished Spring Data repository scanning in 25 ms. Found 0 JPA repository interfaces.
2023-04-26 10:32:20,104 INFO o.s.b.w.e.t.TomcatWebServer [restartedMain] Tomcat initialized with port(s): 8081 (http)
2023-04-26 10:32:20,134 INFO o.a.c.h.Http11NioProtocol [restartedMain] Initializing ProtocolHandler ["http-nio-8081"]
2023-04-26 10:32:20,136 INFO o.a.c.c.StandardService [restartedMain] Starting service [Tomcat]
2023-04-26 10:32:20,137 INFO o.a.c.c.StandardEngine [restartedMain] Starting Servlet engine: [Apache Tomcat/10.1.4]
2023-04-26 10:32:20,395 INFO o.a.c.c.C.[.[.[/] [restartedMain] Initializing Spring embedded WebApplicationContext
2023-04-26 10:32:20,397 INFO o.s.b.w.s.c.ServletWebServerApplicationContext [restartedMain] Root WebApplicationContext: initialization completed in 6778 ms
2023-04-26 10:32:21,805 INFO o.h.j.i.u.LogHelper [restartedMain] HHH000204: Processing PersistenceUnitInfo [name: default]
2023-04-26 10:32:21,988 INFO o.h.Version [restartedMain] HHH000412: Hibernate ORM core version 6.1.6.Final
2023-04-26 10:32:23,151 INFO SQL dialect [restartedMain] HHH000400: Using dialect: org.hibernate.dialect.PostgreSQLDialect
2023-04-26 10:32:23,876 INFO o.h.e.t.j.p.i.JtaPlatformInitiator [restartedMain] HHH000490: Using JtaPlatform implementation: [org.hibernate.engine.transaction.jta.platform.internal.NoJtaPlatform]
2023-04-26 10:32:23,907 INFO o.s.o.j.LocalContainerEntityManagerFactoryBean [restartedMain] Initialized JPA EntityManagerFactory for persistence unit 'default'
2023-04-26 10:32:26,769 WARN o.s.b.w.s.c.AnnotationConfigServletWebServerApplicationContext [restartedMain] Exception encountered during context initialization - cancelling refresh attempt: org.springframework.beans.factory.UnsatisfiedDependencyException: Error creating bean with name 'linkUpdaterScheduler' defined in class path resource [ru/tinkoff/edu/java/scrapper/service/schedule/LinkUpdaterScheduler.class]: Unsatisfied dependency expressed through constructor parameter 0: No qualifying bean of type 'ru.tinkoff.edu.java.scrapper.service.LinkService' available: expected at least 1 bean which qualifies as autowire candidate. Dependency annotations: {}
2023-04-26 10:32:26,808 INFO o.s.o.j.LocalContainerEntityManagerFactoryBean [restartedMain] Closing JPA EntityManagerFactory for persistence unit 'default'
2023-04-26 10:32:26,820 INFO o.a.c.c.StandardService [restartedMain] Stopping service [Tomcat]
2023-04-26 10:32:26,943 INFO o.s.b.a.l.ConditionEvaluationReportLogger [restartedMain] 

Error starting ApplicationContext. To display the condition evaluation report re-run your application with 'debug' enabled.
2023-04-26 10:32:27,105 ERROR o.s.b.d.LoggingFailureAnalysisReporter [restartedMain] 

***************************
APPLICATION FAILED TO START
***************************

Description:

Parameter 0 of constructor in ru.tinkoff.edu.java.scrapper.service.schedule.LinkUpdaterScheduler required a bean of type 'ru.tinkoff.edu.java.scrapper.service.LinkService' that could not be found.


Action:

Consider defining a bean of type 'ru.tinkoff.edu.java.scrapper.service.LinkService' in your configuration.

2023-04-26 10:35:04,730 INFO o.h.v.i.u.Version [background-preinit] HV000001: Hibernate Validator 8.0.0.Final
2023-04-26 10:35:04,904 INFO r.t.e.j.s.ScrapperApplication [restartedMain] Starting ScrapperApplication using Java 17.0.2 with PID 10520 (D:\BackendDev Tinkoff\TinkoffRep\TinkoffProject\scrapper\target\classes started by Роман in D:\BackendDev Tinkoff\TinkoffRep\TinkoffProject)
2023-04-26 10:35:04,907 INFO r.t.e.j.s.ScrapperApplication [restartedMain] No active profile set, falling back to 1 default profile: "default"
2023-04-26 10:35:05,055 INFO o.s.b.d.e.DevToolsPropertyDefaultsPostProcessor [restartedMain] Devtools property defaults active! Set 'spring.devtools.add-properties' to 'false' to disable
2023-04-26 10:35:05,056 INFO o.s.b.d.e.DevToolsPropertyDefaultsPostProcessor [restartedMain] For additional web related logging consider setting the 'logging.level.web' property to 'DEBUG'
2023-04-26 10:35:08,142 INFO o.s.d.r.c.RepositoryConfigurationDelegate [restartedMain] Bootstrapping Spring Data JPA repositories in DEFAULT mode.
2023-04-26 10:35:08,207 INFO o.s.d.r.c.RepositoryConfigurationDelegate [restartedMain] Finished Spring Data repository scanning in 37 ms. Found 0 JPA repository interfaces.
2023-04-26 10:35:11,225 INFO o.s.b.w.e.t.TomcatWebServer [restartedMain] Tomcat initialized with port(s): 8081 (http)
2023-04-26 10:35:11,253 INFO o.a.c.h.Http11NioProtocol [restartedMain] Initializing ProtocolHandler ["http-nio-8081"]
2023-04-26 10:35:11,256 INFO o.a.c.c.StandardService [restartedMain] Starting service [Tomcat]
2023-04-26 10:35:11,257 INFO o.a.c.c.StandardEngine [restartedMain] Starting Servlet engine: [Apache Tomcat/10.1.4]
2023-04-26 10:35:11,477 INFO o.a.c.c.C.[.[.[/] [restartedMain] Initializing Spring embedded WebApplicationContext
2023-04-26 10:35:11,479 INFO o.s.b.w.s.c.ServletWebServerApplicationContext [restartedMain] Root WebApplicationContext: initialization completed in 6420 ms
2023-04-26 10:35:13,001 INFO o.h.j.i.u.LogHelper [restartedMain] HHH000204: Processing PersistenceUnitInfo [name: default]
2023-04-26 10:35:13,146 INFO o.h.Version [restartedMain] HHH000412: Hibernate ORM core version 6.1.6.Final
2023-04-26 10:35:14,469 INFO SQL dialect [restartedMain] HHH000400: Using dialect: org.hibernate.dialect.PostgreSQLDialect
2023-04-26 10:35:15,233 INFO o.h.e.t.j.p.i.JtaPlatformInitiator [restartedMain] HHH000490: Using JtaPlatform implementation: [org.hibernate.engine.transaction.jta.platform.internal.NoJtaPlatform]
2023-04-26 10:35:15,258 INFO o.s.o.j.LocalContainerEntityManagerFactoryBean [restartedMain] Initialized JPA EntityManagerFactory for persistence unit 'default'
2023-04-26 10:35:18,118 WARN o.s.b.w.s.c.AnnotationConfigServletWebServerApplicationContext [restartedMain] Exception encountered during context initialization - cancelling refresh attempt: org.springframework.beans.factory.UnsatisfiedDependencyException: Error creating bean with name 'linkUpdaterScheduler' defined in class path resource [ru/tinkoff/edu/java/scrapper/service/schedule/LinkUpdaterScheduler.class]: Unsatisfied dependency expressed through constructor parameter 0: No qualifying bean of type 'ru.tinkoff.edu.java.scrapper.service.LinkService' available: expected at least 1 bean which qualifies as autowire candidate. Dependency annotations: {}
2023-04-26 10:35:18,133 INFO o.s.o.j.LocalContainerEntityManagerFactoryBean [restartedMain] Closing JPA EntityManagerFactory for persistence unit 'default'
2023-04-26 10:35:18,142 INFO o.a.c.c.StandardService [restartedMain] Stopping service [Tomcat]
2023-04-26 10:35:18,177 INFO o.s.b.a.l.ConditionEvaluationReportLogger [restartedMain] 

Error starting ApplicationContext. To display the condition evaluation report re-run your application with 'debug' enabled.
2023-04-26 10:35:18,240 ERROR o.s.b.d.LoggingFailureAnalysisReporter [restartedMain] 

***************************
APPLICATION FAILED TO START
***************************

Description:

Parameter 0 of constructor in ru.tinkoff.edu.java.scrapper.service.schedule.LinkUpdaterScheduler required a bean of type 'ru.tinkoff.edu.java.scrapper.service.LinkService' that could not be found.


Action:

Consider defining a bean of type 'ru.tinkoff.edu.java.scrapper.service.LinkService' in your configuration.

2023-04-26 10:47:00,454 INFO o.h.v.i.u.Version [background-preinit] HV000001: Hibernate Validator 8.0.0.Final
2023-04-26 10:47:00,736 INFO r.t.e.j.s.ScrapperApplication [restartedMain] Starting ScrapperApplication using Java 17.0.2 with PID 13192 (D:\BackendDev Tinkoff\TinkoffRep\TinkoffProject\scrapper\target\classes started by Роман in D:\BackendDev Tinkoff\TinkoffRep\TinkoffProject)
2023-04-26 10:47:00,745 INFO r.t.e.j.s.ScrapperApplication [restartedMain] No active profile set, falling back to 1 default profile: "default"
2023-04-26 10:47:00,921 INFO o.s.b.d.e.DevToolsPropertyDefaultsPostProcessor [restartedMain] Devtools property defaults active! Set 'spring.devtools.add-properties' to 'false' to disable
2023-04-26 10:47:00,922 INFO o.s.b.d.e.DevToolsPropertyDefaultsPostProcessor [restartedMain] For additional web related logging consider setting the 'logging.level.web' property to 'DEBUG'
2023-04-26 10:47:03,959 INFO o.s.d.r.c.RepositoryConfigurationDelegate [restartedMain] Bootstrapping Spring Data JPA repositories in DEFAULT mode.
2023-04-26 10:47:04,004 INFO o.s.d.r.c.RepositoryConfigurationDelegate [restartedMain] Finished Spring Data repository scanning in 25 ms. Found 0 JPA repository interfaces.
2023-04-26 10:47:07,129 INFO o.s.b.w.e.t.TomcatWebServer [restartedMain] Tomcat initialized with port(s): 8081 (http)
2023-04-26 10:47:07,166 INFO o.a.c.h.Http11NioProtocol [restartedMain] Initializing ProtocolHandler ["http-nio-8081"]
2023-04-26 10:47:07,168 INFO o.a.c.c.StandardService [restartedMain] Starting service [Tomcat]
2023-04-26 10:47:07,169 INFO o.a.c.c.StandardEngine [restartedMain] Starting Servlet engine: [Apache Tomcat/10.1.4]
2023-04-26 10:47:07,435 INFO o.a.c.c.C.[.[.[/] [restartedMain] Initializing Spring embedded WebApplicationContext
2023-04-26 10:47:07,437 INFO o.s.b.w.s.c.ServletWebServerApplicationContext [restartedMain] Root WebApplicationContext: initialization completed in 6513 ms
2023-04-26 10:47:09,069 INFO o.h.j.i.u.LogHelper [restartedMain] HHH000204: Processing PersistenceUnitInfo [name: default]
2023-04-26 10:47:09,232 INFO o.h.Version [restartedMain] HHH000412: Hibernate ORM core version 6.1.6.Final
2023-04-26 10:47:10,304 INFO SQL dialect [restartedMain] HHH000400: Using dialect: org.hibernate.dialect.PostgreSQLDialect
2023-04-26 10:47:11,417 INFO o.h.e.t.j.p.i.JtaPlatformInitiator [restartedMain] HHH000490: Using JtaPlatform implementation: [org.hibernate.engine.transaction.jta.platform.internal.NoJtaPlatform]
2023-04-26 10:47:11,442 INFO o.s.o.j.LocalContainerEntityManagerFactoryBean [restartedMain] Initialized JPA EntityManagerFactory for persistence unit 'default'
2023-04-26 10:47:14,016 WARN o.s.b.w.s.c.AnnotationConfigServletWebServerApplicationContext [restartedMain] Exception encountered during context initialization - cancelling refresh attempt: org.springframework.beans.factory.UnsatisfiedDependencyException: Error creating bean with name 'linkUpdaterScheduler' defined in class path resource [ru/tinkoff/edu/java/scrapper/service/schedule/LinkUpdaterScheduler.class]: Unsatisfied dependency expressed through constructor parameter 0: No qualifying bean of type 'ru.tinkoff.edu.java.scrapper.service.LinkService' available: expected at least 1 bean which qualifies as autowire candidate. Dependency annotations: {}
2023-04-26 10:47:14,031 INFO o.s.o.j.LocalContainerEntityManagerFactoryBean [restartedMain] Closing JPA EntityManagerFactory for persistence unit 'default'
2023-04-26 10:47:14,040 INFO o.a.c.c.StandardService [restartedMain] Stopping service [Tomcat]
2023-04-26 10:47:14,074 INFO o.s.b.a.l.ConditionEvaluationReportLogger [restartedMain] 

Error starting ApplicationContext. To display the condition evaluation report re-run your application with 'debug' enabled.
2023-04-26 10:47:14,133 ERROR o.s.b.d.LoggingFailureAnalysisReporter [restartedMain] 

***************************
APPLICATION FAILED TO START
***************************

Description:

Parameter 0 of constructor in ru.tinkoff.edu.java.scrapper.service.schedule.LinkUpdaterScheduler required a bean of type 'ru.tinkoff.edu.java.scrapper.service.LinkService' that could not be found.


Action:

Consider defining a bean of type 'ru.tinkoff.edu.java.scrapper.service.LinkService' in your configuration.

